<?xml version="1.0" encoding="UTF-8"?>
<testsuite name="com.bridgelabz.UserRegistrationTest" tests="1" skipped="0" failures="0" errors="0" timestamp="2021-08-07T03:04:05" hostname="LAPTOP-K4FELRDJ" time="0.003">
  <properties/>
  <testcase name="givenValidPassWordvalid_ShouldReturnTrue_Test" classname="com.bridgelabz.UserRegistrationTest" time="0.003"/>
  <system-out><![CDATA[]]></system-out>
  <system-err><![CDATA[]]></system-err>
</testsuite>
