<?xml version="1.0" encoding="UTF-8"?>
<testsuite name="com.bridgelabz.UserRegistrationTest" tests="1" skipped="0" failures="0" errors="0" timestamp="2021-08-04T02:59:29" hostname="LAPTOP-K4FELRDJ" time="0.004">
  <properties/>
  <testcase name="givenValidFirstName_ShouldReturnTrue_Test" classname="com.bridgelabz.UserRegistrationTest" time="0.004"/>
  <system-out><![CDATA[]]></system-out>
  <system-err><![CDATA[]]></system-err>
</testsuite>
